2017-11-01 17:30:06,098 [main] ERROR service.impl.DBInfoFetch - java.lang.ClassNotFoundException: net.sourceforge.jtds.jdbc.Driver
2017-11-01 17:30:06,300 [main] ERROR service.util.SqlSessionHelper - init SqlSessionFactory error
org.apache.ibatis.exceptions.PersistenceException: 
### Error building SqlSession.
### The error may exist in DBInfoFetchMapper.xml
### Cause: org.apache.ibatis.builder.BuilderException: Error parsing SQL Mapper Configuration. Cause: org.apache.ibatis.builder.BuilderException: Error parsing Mapper XML. Cause: org.apache.ibatis.builder.BuilderException: Error resolving class. Cause: org.apache.ibatis.type.TypeException: Could not resolve type alias 'mtdp.po.DBTablePo'.  Cause: java.lang.ClassNotFoundException: Cannot find class: mtdp.po.DBTablePo
	at org.apache.ibatis.exceptions.ExceptionFactory.wrapException(ExceptionFactory.java:30)
	at org.apache.ibatis.session.SqlSessionFactoryBuilder.build(SqlSessionFactoryBuilder.java:52)
	at org.apache.ibatis.session.SqlSessionFactoryBuilder.build(SqlSessionFactoryBuilder.java:44)
	at service.util.SqlSessionHelper$FactorySingleton.getSqlSessionFactory(SqlSessionHelper.java:141)
	at service.util.SqlSessionHelper.openSqlSession(SqlSessionHelper.java:61)
	at service.util.SqlSessionHelper.openSqlSession(SqlSessionHelper.java:52)
	at service.impl.DBInfoFetch.getSession(DBInfoFetch.java:48)
	at service.impl.DBInfoFetch.fetchDBInfo(DBInfoFetch.java:98)
	at controller.CompareController.fetchDBInfo(CompareController.java:22)
	at controller.CompareController.main(CompareController.java:29)
Caused by: org.apache.ibatis.builder.BuilderException: Error parsing SQL Mapper Configuration. Cause: org.apache.ibatis.builder.BuilderException: Error parsing Mapper XML. Cause: org.apache.ibatis.builder.BuilderException: Error resolving class. Cause: org.apache.ibatis.type.TypeException: Could not resolve type alias 'mtdp.po.DBTablePo'.  Cause: java.lang.ClassNotFoundException: Cannot find class: mtdp.po.DBTablePo
	at org.apache.ibatis.builder.xml.XMLConfigBuilder.parseConfiguration(XMLConfigBuilder.java:120)
	at org.apache.ibatis.builder.xml.XMLConfigBuilder.parse(XMLConfigBuilder.java:98)
	at org.apache.ibatis.session.SqlSessionFactoryBuilder.build(SqlSessionFactoryBuilder.java:50)
	... 8 more
Caused by: org.apache.ibatis.builder.BuilderException: Error parsing Mapper XML. Cause: org.apache.ibatis.builder.BuilderException: Error resolving class. Cause: org.apache.ibatis.type.TypeException: Could not resolve type alias 'mtdp.po.DBTablePo'.  Cause: java.lang.ClassNotFoundException: Cannot find class: mtdp.po.DBTablePo
	at org.apache.ibatis.builder.xml.XMLMapperBuilder.configurationElement(XMLMapperBuilder.java:120)
	at org.apache.ibatis.builder.xml.XMLMapperBuilder.parse(XMLMapperBuilder.java:92)
	at org.apache.ibatis.builder.xml.XMLConfigBuilder.mapperElement(XMLConfigBuilder.java:369)
	at org.apache.ibatis.builder.xml.XMLConfigBuilder.parseConfiguration(XMLConfigBuilder.java:118)
	... 10 more
Caused by: org.apache.ibatis.builder.BuilderException: Error resolving class. Cause: org.apache.ibatis.type.TypeException: Could not resolve type alias 'mtdp.po.DBTablePo'.  Cause: java.lang.ClassNotFoundException: Cannot find class: mtdp.po.DBTablePo
	at org.apache.ibatis.builder.BaseBuilder.resolveClass(BaseBuilder.java:118)
	at org.apache.ibatis.builder.xml.XMLStatementBuilder.parseStatementNode(XMLStatementBuilder.java:74)
	at org.apache.ibatis.builder.xml.XMLMapperBuilder.buildStatementFromContext(XMLMapperBuilder.java:135)
	at org.apache.ibatis.builder.xml.XMLMapperBuilder.buildStatementFromContext(XMLMapperBuilder.java:128)
	at org.apache.ibatis.builder.xml.XMLMapperBuilder.configurationElement(XMLMapperBuilder.java:118)
	... 13 more
Caused by: org.apache.ibatis.type.TypeException: Could not resolve type alias 'mtdp.po.DBTablePo'.  Cause: java.lang.ClassNotFoundException: Cannot find class: mtdp.po.DBTablePo
	at org.apache.ibatis.type.TypeAliasRegistry.resolveAlias(TypeAliasRegistry.java:120)
	at org.apache.ibatis.builder.BaseBuilder.resolveAlias(BaseBuilder.java:149)
	at org.apache.ibatis.builder.BaseBuilder.resolveClass(BaseBuilder.java:116)
	... 17 more
Caused by: java.lang.ClassNotFoundException: Cannot find class: mtdp.po.DBTablePo
	at org.apache.ibatis.io.ClassLoaderWrapper.classForName(ClassLoaderWrapper.java:200)
	at org.apache.ibatis.io.ClassLoaderWrapper.classForName(ClassLoaderWrapper.java:89)
	at org.apache.ibatis.io.Resources.classForName(Resources.java:261)
	at org.apache.ibatis.type.TypeAliasRegistry.resolveAlias(TypeAliasRegistry.java:116)
	... 19 more
2017-11-01 17:30:06,304 [main] ERROR service.impl.DBInfoFetch - can not connect db
2017-11-01 17:39:47,642 [main] ERROR service.util.SqlSessionHelper - test sql error
org.apache.ibatis.exceptions.PersistenceException: 
### Error getting a new connection.  Cause: java.sql.SQLException: Error setting driver on UnpooledDataSource. Cause: java.lang.ClassNotFoundException: Cannot find class: ${db.driver}
### Cause: java.sql.SQLException: Error setting driver on UnpooledDataSource. Cause: java.lang.ClassNotFoundException: Cannot find class: ${db.driver}
	at org.apache.ibatis.exceptions.ExceptionFactory.wrapException(ExceptionFactory.java:30)
	at org.apache.ibatis.session.defaults.DefaultSqlSession.getConnection(DefaultSqlSession.java:300)
	at service.util.SqlSessionHelper.testGetConnection(SqlSessionHelper.java:91)
	at service.util.SqlSessionHelper.openSqlSession(SqlSessionHelper.java:71)
	at service.util.SqlSessionHelper.openSqlSession(SqlSessionHelper.java:52)
	at service.impl.DBInfoFetch.getSession(DBInfoFetch.java:48)
	at service.impl.DBInfoFetch.fetchDBInfo(DBInfoFetch.java:98)
	at controller.CompareController.fetchDBInfo(CompareController.java:22)
	at controller.CompareController.main(CompareController.java:29)
Caused by: java.sql.SQLException: Error setting driver on UnpooledDataSource. Cause: java.lang.ClassNotFoundException: Cannot find class: ${db.driver}
	at org.apache.ibatis.datasource.unpooled.UnpooledDataSource.initializeDriver(UnpooledDataSource.java:221)
	at org.apache.ibatis.datasource.unpooled.UnpooledDataSource.doGetConnection(UnpooledDataSource.java:200)
	at org.apache.ibatis.datasource.unpooled.UnpooledDataSource.doGetConnection(UnpooledDataSource.java:196)
	at org.apache.ibatis.datasource.unpooled.UnpooledDataSource.getConnection(UnpooledDataSource.java:93)
	at org.apache.ibatis.datasource.pooled.PooledDataSource.popConnection(PooledDataSource.java:385)
	at org.apache.ibatis.datasource.pooled.PooledDataSource.getConnection(PooledDataSource.java:89)
	at org.apache.ibatis.transaction.jdbc.JdbcTransaction.openConnection(JdbcTransaction.java:138)
	at org.apache.ibatis.transaction.jdbc.JdbcTransaction.getConnection(JdbcTransaction.java:60)
	at org.apache.ibatis.session.defaults.DefaultSqlSession.getConnection(DefaultSqlSession.java:298)
	... 7 more
2017-11-01 17:39:47,645 [main] ERROR service.impl.DBInfoFetch - can not connect db
2017-11-01 17:40:48,603 [main] ERROR service.util.SqlSessionHelper - test sql error
org.apache.ibatis.exceptions.PersistenceException: 
### Error getting a new connection.  Cause: java.sql.SQLException: Error setting driver on UnpooledDataSource. Cause: java.lang.ClassNotFoundException: Cannot find class: ${db.driver}
### Cause: java.sql.SQLException: Error setting driver on UnpooledDataSource. Cause: java.lang.ClassNotFoundException: Cannot find class: ${db.driver}
	at org.apache.ibatis.exceptions.ExceptionFactory.wrapException(ExceptionFactory.java:30)
	at org.apache.ibatis.session.defaults.DefaultSqlSession.getConnection(DefaultSqlSession.java:300)
	at service.util.SqlSessionHelper.testGetConnection(SqlSessionHelper.java:91)
	at service.util.SqlSessionHelper.openSqlSession(SqlSessionHelper.java:71)
	at service.util.SqlSessionHelper.openSqlSession(SqlSessionHelper.java:52)
	at service.impl.DBInfoFetch.getSession(DBInfoFetch.java:48)
	at service.impl.DBInfoFetch.fetchDBInfo(DBInfoFetch.java:98)
	at controller.CompareController.fetchDBInfo(CompareController.java:23)
	at controller.CompareController.main(CompareController.java:30)
Caused by: java.sql.SQLException: Error setting driver on UnpooledDataSource. Cause: java.lang.ClassNotFoundException: Cannot find class: ${db.driver}
	at org.apache.ibatis.datasource.unpooled.UnpooledDataSource.initializeDriver(UnpooledDataSource.java:221)
	at org.apache.ibatis.datasource.unpooled.UnpooledDataSource.doGetConnection(UnpooledDataSource.java:200)
	at org.apache.ibatis.datasource.unpooled.UnpooledDataSource.doGetConnection(UnpooledDataSource.java:196)
	at org.apache.ibatis.datasource.unpooled.UnpooledDataSource.getConnection(UnpooledDataSource.java:93)
	at org.apache.ibatis.datasource.pooled.PooledDataSource.popConnection(PooledDataSource.java:385)
	at org.apache.ibatis.datasource.pooled.PooledDataSource.getConnection(PooledDataSource.java:89)
	at org.apache.ibatis.transaction.jdbc.JdbcTransaction.openConnection(JdbcTransaction.java:138)
	at org.apache.ibatis.transaction.jdbc.JdbcTransaction.getConnection(JdbcTransaction.java:60)
	at org.apache.ibatis.session.defaults.DefaultSqlSession.getConnection(DefaultSqlSession.java:298)
	... 7 more
2017-11-01 17:40:48,606 [main] ERROR service.impl.DBInfoFetch - can not connect db
2017-11-01 17:41:03,198 [main] ERROR service.util.SqlSessionHelper - test sql error
org.apache.ibatis.exceptions.PersistenceException: 
### Error getting a new connection.  Cause: java.sql.SQLException: No suitable driver found for ${db.url}
### Cause: java.sql.SQLException: No suitable driver found for ${db.url}
	at org.apache.ibatis.exceptions.ExceptionFactory.wrapException(ExceptionFactory.java:30)
	at org.apache.ibatis.session.defaults.DefaultSqlSession.getConnection(DefaultSqlSession.java:300)
	at service.util.SqlSessionHelper.testGetConnection(SqlSessionHelper.java:91)
	at service.util.SqlSessionHelper.openSqlSession(SqlSessionHelper.java:71)
	at service.util.SqlSessionHelper.openSqlSession(SqlSessionHelper.java:52)
	at service.impl.DBInfoFetch.getSession(DBInfoFetch.java:48)
	at service.impl.DBInfoFetch.fetchDBInfo(DBInfoFetch.java:98)
	at controller.CompareController.fetchDBInfo(CompareController.java:23)
	at controller.CompareController.main(CompareController.java:30)
Caused by: java.sql.SQLException: No suitable driver found for ${db.url}
	at java.sql.DriverManager.getConnection(DriverManager.java:596)
	at java.sql.DriverManager.getConnection(DriverManager.java:187)
	at org.apache.ibatis.datasource.unpooled.UnpooledDataSource.doGetConnection(UnpooledDataSource.java:201)
	at org.apache.ibatis.datasource.unpooled.UnpooledDataSource.doGetConnection(UnpooledDataSource.java:196)
	at org.apache.ibatis.datasource.unpooled.UnpooledDataSource.getConnection(UnpooledDataSource.java:93)
	at org.apache.ibatis.datasource.pooled.PooledDataSource.popConnection(PooledDataSource.java:385)
	at org.apache.ibatis.datasource.pooled.PooledDataSource.getConnection(PooledDataSource.java:89)
	at org.apache.ibatis.transaction.jdbc.JdbcTransaction.openConnection(JdbcTransaction.java:138)
	at org.apache.ibatis.transaction.jdbc.JdbcTransaction.getConnection(JdbcTransaction.java:60)
	at org.apache.ibatis.session.defaults.DefaultSqlSession.getConnection(DefaultSqlSession.java:298)
	... 7 more
2017-11-01 17:41:03,200 [main] ERROR service.impl.DBInfoFetch - can not connect db
2017-11-02 16:21:44,487 [main] INFO  controller.CompareController - test log
